<?xml version="1.0" encoding="UTF-8"?>
<!-- Generated by org.testng.reporters.JUnitReportReporter -->
<testsuite hostname="dlgselenium" name="testNgFreamework.DelogueItem" tests="1" failures="0" timestamp="12 Dec 2017 10:01:47 GMT" time="10.381" errors="0">
  <testcase name="addItemDetails" time="10.381" classname="testNgFreamework.DelogueItem"/>
</testsuite> <!-- testNgFreamework.DelogueItem -->
