<?xml version="1.0" encoding="UTF-8"?>
<!-- Generated by org.testng.reporters.JUnitReportReporter -->
<testsuite hostname="dlgselenium" name="com.delogue.Testcases.VerifyLogIn" tests="2" failures="0" timestamp="14 Dec 2017 08:20:14 GMT" time="92.762" errors="0">
  <testcase name="checkValidUser" time="69.463" classname="com.delogue.Testcases.VerifyLogIn"/>
  <testcase name="verifyItemHeader" time="23.299" classname="com.delogue.Testcases.VerifyLogIn"/>
</testsuite> <!-- com.delogue.Testcases.VerifyLogIn -->
