<?xml version="1.0" encoding="UTF-8"?>
<!-- Generated by org.testng.reporters.JUnitReportReporter -->
<testsuite hostname="dlgselenium" name="com.delogue.Testcases.VerifyTestCases" tests="2" failures="0" timestamp="14 Dec 2017 10:22:56 GMT" time="109.464" errors="0">
  <testcase name="checkValidUser" time="68.614" classname="com.delogue.Testcases.VerifyTestCases"/>
  <testcase name="verifyItemHeader" time="40.850" classname="com.delogue.Testcases.VerifyTestCases"/>
</testsuite> <!-- com.delogue.Testcases.VerifyTestCases -->
